2026-06-30 19:00:45,615 - INFO - Script started. Log file has been cleared and initialized.
2026-06-30 19:00:45,615 - INFO - Parameter file successfully read and processed.
2026-06-30 19:00:45,615 - INFO - Old output file deleted: /home/snitniuq/Projects/CMS_Data_Governance_Project/code_scripts/raw_cms_DE_SynPUF_data_profiling_results.csv
2026-06-30 19:00:45,615 - INFO - New output results file created with headers.
2026-06-30 19:00:45,615 - INFO - Starting to process file: DE1_0_2008_Beneficiary_Summary_File_Sample_2.csv (File Number: 1)
2026-06-30 19:00:45,738 - INFO - Profiling field: DESYNPUF_ID (Field Number: 1)
2026-06-30 19:00:47,263 - INFO - Profiling field: BENE_BIRTH_DT (Field Number: 2)
2026-06-30 19:00:47,391 - INFO - Profiling field: BENE_DEATH_DT (Field Number: 3)
2026-06-30 19:00:47,397 - INFO - Profiling field: BENE_SEX_IDENT_CD (Field Number: 4)
2026-06-30 19:00:47,511 - INFO - Profiling field: BENE_RACE_CD (Field Number: 5)
2026-06-30 19:00:47,625 - INFO - Profiling field: BENE_ESRD_IND (Field Number: 6)
2026-06-30 19:00:47,739 - INFO - Profiling field: SP_STATE_CODE (Field Number: 7)
2026-06-30 19:00:47,856 - INFO - Profiling field: BENE_COUNTY_CD (Field Number: 8)
2026-06-30 19:00:47,975 - INFO - Profiling field: BENE_HI_CVRAGE_TOT_MONS (Field Number: 9)
2026-06-30 19:00:48,095 - INFO - Profiling field: BENE_SMI_CVRAGE_TOT_MONS (Field Number: 10)
2026-06-30 19:00:48,217 - INFO - Profiling field: BENE_HMO_CVRAGE_TOT_MONS (Field Number: 11)
2026-06-30 19:00:48,340 - INFO - Profiling field: PLAN_CVRG_MOS_NUM (Field Number: 12)
2026-06-30 19:00:48,454 - INFO - Profiling field: SP_ALZHDMTA (Field Number: 13)
2026-06-30 19:00:48,569 - INFO - Profiling field: SP_CHF (Field Number: 14)
2026-06-30 19:00:48,684 - INFO - Profiling field: SP_CHRNKIDN (Field Number: 15)
2026-06-30 19:00:48,798 - INFO - Profiling field: SP_CNCR (Field Number: 16)
2026-06-30 19:00:48,913 - INFO - Profiling field: SP_COPD (Field Number: 17)
2026-06-30 19:00:49,027 - INFO - Profiling field: SP_DEPRESSN (Field Number: 18)
2026-06-30 19:00:49,141 - INFO - Profiling field: SP_DIABETES (Field Number: 19)
2026-06-30 19:00:49,255 - INFO - Profiling field: SP_ISCHMCHT (Field Number: 20)
2026-06-30 19:00:49,370 - INFO - Profiling field: SP_OSTEOPRS (Field Number: 21)
2026-06-30 19:00:49,484 - INFO - Profiling field: SP_RA_OA (Field Number: 22)
2026-06-30 19:00:49,598 - INFO - Profiling field: SP_STRKETIA (Field Number: 23)
2026-06-30 19:00:49,713 - INFO - Profiling field: MEDREIMB_IP (Field Number: 24)
2026-06-30 19:00:49,866 - INFO - Profiling field: BENRES_IP (Field Number: 25)
2026-06-30 19:00:50,000 - INFO - Profiling field: PPPYMT_IP (Field Number: 26)
2026-06-30 19:00:50,133 - INFO - Profiling field: MEDREIMB_OP (Field Number: 27)
2026-06-30 19:00:50,279 - INFO - Profiling field: BENRES_OP (Field Number: 28)
2026-06-30 19:00:50,415 - INFO - Profiling field: PPPYMT_OP (Field Number: 29)
2026-06-30 19:00:50,545 - INFO - Profiling field: MEDREIMB_CAR (Field Number: 30)
2026-06-30 19:00:50,688 - INFO - Profiling field: BENRES_CAR (Field Number: 31)
2026-06-30 19:00:50,821 - INFO - Profiling field: PPPYMT_CAR (Field Number: 32)
2026-06-30 19:00:50,949 - INFO - Starting to process file: DE1_0_2009_Beneficiary_Summary_File_Sample_2.csv (File Number: 2)
2026-06-30 19:00:51,079 - INFO - Profiling field: DESYNPUF_ID (Field Number: 1)
2026-06-30 19:00:52,577 - INFO - Profiling field: BENE_BIRTH_DT (Field Number: 2)
2026-06-30 19:00:52,699 - INFO - Profiling field: BENE_DEATH_DT (Field Number: 3)
2026-06-30 19:00:52,705 - INFO - Profiling field: BENE_SEX_IDENT_CD (Field Number: 4)
2026-06-30 19:00:52,815 - INFO - Profiling field: BENE_RACE_CD (Field Number: 5)
2026-06-30 19:00:52,925 - INFO - Profiling field: BENE_ESRD_IND (Field Number: 6)
2026-06-30 19:00:53,035 - INFO - Profiling field: SP_STATE_CODE (Field Number: 7)
2026-06-30 19:00:53,149 - INFO - Profiling field: BENE_COUNTY_CD (Field Number: 8)
2026-06-30 19:00:53,265 - INFO - Profiling field: BENE_HI_CVRAGE_TOT_MONS (Field Number: 9)
2026-06-30 19:00:53,382 - INFO - Profiling field: BENE_SMI_CVRAGE_TOT_MONS (Field Number: 10)
2026-06-30 19:00:53,499 - INFO - Profiling field: BENE_HMO_CVRAGE_TOT_MONS (Field Number: 11)
2026-06-30 19:00:53,621 - INFO - Profiling field: PLAN_CVRG_MOS_NUM (Field Number: 12)
2026-06-30 19:00:53,735 - INFO - Profiling field: SP_ALZHDMTA (Field Number: 13)
2026-06-30 19:00:53,845 - INFO - Profiling field: SP_CHF (Field Number: 14)
2026-06-30 19:00:53,956 - INFO - Profiling field: SP_CHRNKIDN (Field Number: 15)
2026-06-30 19:00:54,067 - INFO - Profiling field: SP_CNCR (Field Number: 16)
2026-06-30 19:00:54,177 - INFO - Profiling field: SP_COPD (Field Number: 17)
2026-06-30 19:00:54,288 - INFO - Profiling field: SP_DEPRESSN (Field Number: 18)
2026-06-30 19:00:54,399 - INFO - Profiling field: SP_DIABETES (Field Number: 19)
2026-06-30 19:00:54,509 - INFO - Profiling field: SP_ISCHMCHT (Field Number: 20)
2026-06-30 19:00:54,620 - INFO - Profiling field: SP_OSTEOPRS (Field Number: 21)
2026-06-30 19:00:54,731 - INFO - Profiling field: SP_RA_OA (Field Number: 22)
2026-06-30 19:00:54,840 - INFO - Profiling field: SP_STRKETIA (Field Number: 23)
2026-06-30 19:00:54,950 - INFO - Profiling field: MEDREIMB_IP (Field Number: 24)
2026-06-30 19:00:55,097 - INFO - Profiling field: BENRES_IP (Field Number: 25)
2026-06-30 19:00:55,224 - INFO - Profiling field: PPPYMT_IP (Field Number: 26)
2026-06-30 19:00:55,350 - INFO - Profiling field: MEDREIMB_OP (Field Number: 27)
2026-06-30 19:00:55,493 - INFO - Profiling field: BENRES_OP (Field Number: 28)
2026-06-30 19:00:55,627 - INFO - Profiling field: PPPYMT_OP (Field Number: 29)
2026-06-30 19:00:55,753 - INFO - Profiling field: MEDREIMB_CAR (Field Number: 30)
2026-06-30 19:00:55,892 - INFO - Profiling field: BENRES_CAR (Field Number: 31)
2026-06-30 19:00:56,021 - INFO - Profiling field: PPPYMT_CAR (Field Number: 32)
2026-06-30 19:00:56,148 - INFO - Starting to process file: DE1_0_2009_Beneficiary_Summary_File_Sample_4.csv (File Number: 3)
2026-06-30 19:00:56,266 - INFO - Profiling field: DESYNPUF_ID (Field Number: 1)
2026-06-30 19:00:57,753 - INFO - Profiling field: BENE_BIRTH_DT (Field Number: 2)
2026-06-30 19:00:57,873 - INFO - Profiling field: BENE_DEATH_DT (Field Number: 3)
2026-06-30 19:00:57,879 - INFO - Profiling field: BENE_SEX_IDENT_CD (Field Number: 4)
2026-06-30 19:00:57,989 - INFO - Profiling field: BENE_RACE_CD (Field Number: 5)
2026-06-30 19:00:58,100 - INFO - Profiling field: BENE_ESRD_IND (Field Number: 6)
2026-06-30 19:00:58,211 - INFO - Profiling field: SP_STATE_CODE (Field Number: 7)
2026-06-30 19:00:58,325 - INFO - Profiling field: BENE_COUNTY_CD (Field Number: 8)
2026-06-30 19:00:58,441 - INFO - Profiling field: BENE_HI_CVRAGE_TOT_MONS (Field Number: 9)
2026-06-30 19:00:58,557 - INFO - Profiling field: BENE_SMI_CVRAGE_TOT_MONS (Field Number: 10)
2026-06-30 19:00:58,675 - INFO - Profiling field: BENE_HMO_CVRAGE_TOT_MONS (Field Number: 11)
2026-06-30 19:00:58,797 - INFO - Profiling field: PLAN_CVRG_MOS_NUM (Field Number: 12)
2026-06-30 19:00:58,911 - INFO - Profiling field: SP_ALZHDMTA (Field Number: 13)
2026-06-30 19:00:59,022 - INFO - Profiling field: SP_CHF (Field Number: 14)
2026-06-30 19:00:59,132 - INFO - Profiling field: SP_CHRNKIDN (Field Number: 15)
2026-06-30 19:00:59,244 - INFO - Profiling field: SP_CNCR (Field Number: 16)
2026-06-30 19:00:59,355 - INFO - Profiling field: SP_COPD (Field Number: 17)
2026-06-30 19:00:59,467 - INFO - Profiling field: SP_DEPRESSN (Field Number: 18)
2026-06-30 19:00:59,577 - INFO - Profiling field: SP_DIABETES (Field Number: 19)
2026-06-30 19:00:59,689 - INFO - Profiling field: SP_ISCHMCHT (Field Number: 20)
2026-06-30 19:00:59,800 - INFO - Profiling field: SP_OSTEOPRS (Field Number: 21)
2026-06-30 19:00:59,911 - INFO - Profiling field: SP_RA_OA (Field Number: 22)
2026-06-30 19:01:00,022 - INFO - Profiling field: SP_STRKETIA (Field Number: 23)
2026-06-30 19:01:00,134 - INFO - Profiling field: MEDREIMB_IP (Field Number: 24)
2026-06-30 19:01:00,281 - INFO - Profiling field: BENRES_IP (Field Number: 25)
2026-06-30 19:01:00,412 - INFO - Profiling field: PPPYMT_IP (Field Number: 26)
2026-06-30 19:01:00,543 - INFO - Profiling field: MEDREIMB_OP (Field Number: 27)
2026-06-30 19:01:00,687 - INFO - Profiling field: BENRES_OP (Field Number: 28)
2026-06-30 19:01:00,824 - INFO - Profiling field: PPPYMT_OP (Field Number: 29)
2026-06-30 19:01:00,954 - INFO - Profiling field: MEDREIMB_CAR (Field Number: 30)
2026-06-30 19:01:01,094 - INFO - Profiling field: BENRES_CAR (Field Number: 31)
2026-06-30 19:01:01,225 - INFO - Profiling field: PPPYMT_CAR (Field Number: 32)
2026-06-30 19:01:01,356 - INFO - Starting to process file: DE1_0_2008_to_2010_Outpatient_Claims_Sample_3.csv (File Number: 4)
2026-06-30 19:01:04,557 - INFO - Profiling field: DESYNPUF_ID (Field Number: 1)
2026-06-30 19:01:06,493 - INFO - Profiling field: CLM_ID (Field Number: 2)
2026-06-30 19:01:15,883 - INFO - Profiling field: SEGMENT (Field Number: 3)
2026-06-30 19:01:16,642 - INFO - Profiling field: CLM_FROM_DT (Field Number: 4)
2026-06-30 19:01:17,547 - INFO - Profiling field: CLM_THRU_DT (Field Number: 5)
2026-06-30 19:01:18,450 - INFO - Profiling field: PRVDR_NUM (Field Number: 6)
2026-06-30 19:01:19,416 - INFO - Profiling field: CLM_PMT_AMT (Field Number: 7)
2026-06-30 19:01:20,288 - INFO - Profiling field: NCH_PRMRY_PYR_CLM_PD_AMT (Field Number: 8)
2026-06-30 19:01:21,170 - INFO - Profiling field: AT_PHYSN_NPI (Field Number: 9)
2026-06-30 19:01:29,867 - INFO - Profiling field: OP_PHYSN_NPI (Field Number: 10)
2026-06-30 19:01:31,412 - INFO - Profiling field: OT_PHYSN_NPI (Field Number: 11)
2026-06-30 19:01:34,355 - INFO - Profiling field: NCH_BENE_BLOOD_DDCTBL_LBLTY_AM (Field Number: 12)
2026-06-30 19:01:35,208 - INFO - Profiling field: ICD9_DGNS_CD_1 (Field Number: 13)
2026-06-30 19:01:40,507 - INFO - Profiling field: ICD9_DGNS_CD_2 (Field Number: 14)
2026-06-30 19:01:41,085 - INFO - Profiling field: ICD9_DGNS_CD_3 (Field Number: 15)
2026-06-30 19:01:41,472 - INFO - Profiling field: ICD9_DGNS_CD_4 (Field Number: 16)
2026-06-30 19:01:41,727 - INFO - Profiling field: ICD9_DGNS_CD_5 (Field Number: 17)
2026-06-30 19:01:41,894 - INFO - Profiling field: ICD9_DGNS_CD_6 (Field Number: 18)
2026-06-30 19:01:42,015 - INFO - Profiling field: ICD9_DGNS_CD_7 (Field Number: 19)
2026-06-30 19:01:42,107 - INFO - Profiling field: ICD9_DGNS_CD_8 (Field Number: 20)
2026-06-30 19:01:42,181 - INFO - Profiling field: ICD9_DGNS_CD_9 (Field Number: 21)
2026-06-30 19:01:42,241 - INFO - Profiling field: ICD9_DGNS_CD_10 (Field Number: 22)
2026-06-30 19:01:42,271 - INFO - Profiling field: ICD9_PRCDR_CD_1 (Field Number: 23)
2026-06-30 19:01:42,290 - INFO - Profiling field: ICD9_PRCDR_CD_2 (Field Number: 24)
2026-06-30 19:01:42,310 - INFO - Profiling field: ICD9_PRCDR_CD_3 (Field Number: 25)
2026-06-30 19:01:42,329 - INFO - Profiling field: ICD9_PRCDR_CD_4 (Field Number: 26)
2026-06-30 19:01:42,348 - INFO - Profiling field: ICD9_PRCDR_CD_5 (Field Number: 27)
2026-06-30 19:01:42,367 - INFO - Profiling field: ICD9_PRCDR_CD_6 (Field Number: 28)
2026-06-30 19:01:42,386 - INFO - Profiling field: NCH_BENE_PTB_DDCTBL_AMT (Field Number: 29)
2026-06-30 19:01:43,237 - INFO - Profiling field: NCH_BENE_PTB_COINSRNC_AMT (Field Number: 30)
2026-06-30 19:01:44,113 - INFO - Profiling field: ADMTNG_ICD9_DGNS_CD (Field Number: 31)
2026-06-30 19:01:44,369 - INFO - Profiling field: HCPCS_CD_1 (Field Number: 32)
2026-06-30 19:01:45,075 - INFO - Profiling field: HCPCS_CD_2 (Field Number: 33)
2026-06-30 19:01:45,601 - INFO - Profiling field: HCPCS_CD_3 (Field Number: 34)
2026-06-30 19:01:46,002 - INFO - Profiling field: HCPCS_CD_4 (Field Number: 35)
2026-06-30 19:01:46,341 - INFO - Profiling field: HCPCS_CD_5 (Field Number: 36)
2026-06-30 19:01:46,631 - INFO - Profiling field: HCPCS_CD_6 (Field Number: 37)
2026-06-30 19:01:46,882 - INFO - Profiling field: HCPCS_CD_7 (Field Number: 38)
2026-06-30 19:01:47,102 - INFO - Profiling field: HCPCS_CD_8 (Field Number: 39)
2026-06-30 19:01:47,296 - INFO - Profiling field: HCPCS_CD_9 (Field Number: 40)
2026-06-30 19:01:47,469 - INFO - Profiling field: HCPCS_CD_10 (Field Number: 41)
2026-06-30 19:01:47,626 - INFO - Profiling field: HCPCS_CD_11 (Field Number: 42)
2026-06-30 19:01:47,770 - INFO - Profiling field: HCPCS_CD_12 (Field Number: 43)
2026-06-30 19:01:47,901 - INFO - Profiling field: HCPCS_CD_13 (Field Number: 44)
2026-06-30 19:01:48,023 - INFO - Profiling field: HCPCS_CD_14 (Field Number: 45)
2026-06-30 19:01:48,136 - INFO - Profiling field: HCPCS_CD_15 (Field Number: 46)
2026-06-30 19:01:48,242 - INFO - Profiling field: HCPCS_CD_16 (Field Number: 47)
2026-06-30 19:01:48,341 - INFO - Profiling field: HCPCS_CD_17 (Field Number: 48)
2026-06-30 19:01:48,434 - INFO - Profiling field: HCPCS_CD_18 (Field Number: 49)
2026-06-30 19:01:48,522 - INFO - Profiling field: HCPCS_CD_19 (Field Number: 50)
2026-06-30 19:01:48,605 - INFO - Profiling field: HCPCS_CD_20 (Field Number: 51)
2026-06-30 19:01:48,684 - INFO - Profiling field: HCPCS_CD_21 (Field Number: 52)
2026-06-30 19:01:48,758 - INFO - Profiling field: HCPCS_CD_22 (Field Number: 53)
2026-06-30 19:01:48,829 - INFO - Profiling field: HCPCS_CD_23 (Field Number: 54)
2026-06-30 19:01:48,897 - INFO - Profiling field: HCPCS_CD_24 (Field Number: 55)
2026-06-30 19:01:48,963 - INFO - Profiling field: HCPCS_CD_25 (Field Number: 56)
2026-06-30 19:01:49,026 - INFO - Profiling field: HCPCS_CD_26 (Field Number: 57)
2026-06-30 19:01:49,087 - INFO - Profiling field: HCPCS_CD_27 (Field Number: 58)
2026-06-30 19:01:49,146 - INFO - Profiling field: HCPCS_CD_28 (Field Number: 59)
2026-06-30 19:01:49,204 - INFO - Profiling field: HCPCS_CD_29 (Field Number: 60)
2026-06-30 19:01:49,259 - INFO - Profiling field: HCPCS_CD_30 (Field Number: 61)
2026-06-30 19:01:49,313 - INFO - Profiling field: HCPCS_CD_31 (Field Number: 62)
2026-06-30 19:01:49,365 - INFO - Profiling field: HCPCS_CD_32 (Field Number: 63)
2026-06-30 19:01:49,415 - INFO - Profiling field: HCPCS_CD_33 (Field Number: 64)
2026-06-30 19:01:49,465 - INFO - Profiling field: HCPCS_CD_34 (Field Number: 65)
2026-06-30 19:01:49,512 - INFO - Profiling field: HCPCS_CD_35 (Field Number: 66)
2026-06-30 19:01:49,558 - INFO - Profiling field: HCPCS_CD_36 (Field Number: 67)
2026-06-30 19:01:49,603 - INFO - Profiling field: HCPCS_CD_37 (Field Number: 68)
2026-06-30 19:01:49,647 - INFO - Profiling field: HCPCS_CD_38 (Field Number: 69)
2026-06-30 19:01:49,690 - INFO - Profiling field: HCPCS_CD_39 (Field Number: 70)
2026-06-30 19:01:49,732 - INFO - Profiling field: HCPCS_CD_40 (Field Number: 71)
2026-06-30 19:01:49,772 - INFO - Profiling field: HCPCS_CD_41 (Field Number: 72)
2026-06-30 19:01:49,811 - INFO - Profiling field: HCPCS_CD_42 (Field Number: 73)
2026-06-30 19:01:49,849 - INFO - Profiling field: HCPCS_CD_43 (Field Number: 74)
2026-06-30 19:01:49,887 - INFO - Profiling field: HCPCS_CD_44 (Field Number: 75)
2026-06-30 19:01:49,923 - INFO - Profiling field: HCPCS_CD_45 (Field Number: 76)
2026-06-30 19:01:49,941 - INFO - Starting to process file: DE1_0_2008_Beneficiary_Summary_File_Sample_4.csv (File Number: 5)
2026-06-30 19:01:50,154 - INFO - Profiling field: DESYNPUF_ID (Field Number: 1)
2026-06-30 19:01:51,672 - INFO - Profiling field: BENE_BIRTH_DT (Field Number: 2)
2026-06-30 19:01:51,796 - INFO - Profiling field: BENE_DEATH_DT (Field Number: 3)
2026-06-30 19:01:51,802 - INFO - Profiling field: BENE_SEX_IDENT_CD (Field Number: 4)
2026-06-30 19:01:51,912 - INFO - Profiling field: BENE_RACE_CD (Field Number: 5)
2026-06-30 19:01:52,023 - INFO - Profiling field: BENE_ESRD_IND (Field Number: 6)
2026-06-30 19:01:52,135 - INFO - Profiling field: SP_STATE_CODE (Field Number: 7)
2026-06-30 19:01:52,250 - INFO - Profiling field: BENE_COUNTY_CD (Field Number: 8)
2026-06-30 19:01:52,367 - INFO - Profiling field: BENE_HI_CVRAGE_TOT_MONS (Field Number: 9)
2026-06-30 19:01:52,486 - INFO - Profiling field: BENE_SMI_CVRAGE_TOT_MONS (Field Number: 10)
2026-06-30 19:01:52,607 - INFO - Profiling field: BENE_HMO_CVRAGE_TOT_MONS (Field Number: 11)
2026-06-30 19:01:52,728 - INFO - Profiling field: PLAN_CVRG_MOS_NUM (Field Number: 12)
2026-06-30 19:01:52,844 - INFO - Profiling field: SP_ALZHDMTA (Field Number: 13)
2026-06-30 19:01:52,956 - INFO - Profiling field: SP_CHF (Field Number: 14)
2026-06-30 19:01:53,069 - INFO - Profiling field: SP_CHRNKIDN (Field Number: 15)
2026-06-30 19:01:53,182 - INFO - Profiling field: SP_CNCR (Field Number: 16)
2026-06-30 19:01:53,294 - INFO - Profiling field: SP_COPD (Field Number: 17)
2026-06-30 19:01:53,407 - INFO - Profiling field: SP_DEPRESSN (Field Number: 18)
2026-06-30 19:01:53,520 - INFO - Profiling field: SP_DIABETES (Field Number: 19)
2026-06-30 19:01:53,632 - INFO - Profiling field: SP_ISCHMCHT (Field Number: 20)
2026-06-30 19:01:53,746 - INFO - Profiling field: SP_OSTEOPRS (Field Number: 21)
2026-06-30 19:01:53,858 - INFO - Profiling field: SP_RA_OA (Field Number: 22)
2026-06-30 19:01:53,971 - INFO - Profiling field: SP_STRKETIA (Field Number: 23)
2026-06-30 19:01:54,082 - INFO - Profiling field: MEDREIMB_IP (Field Number: 24)
2026-06-30 19:01:54,231 - INFO - Profiling field: BENRES_IP (Field Number: 25)
2026-06-30 19:01:54,360 - INFO - Profiling field: PPPYMT_IP (Field Number: 26)
2026-06-30 19:01:54,488 - INFO - Profiling field: MEDREIMB_OP (Field Number: 27)
2026-06-30 19:01:54,631 - INFO - Profiling field: BENRES_OP (Field Number: 28)
2026-06-30 19:01:54,766 - INFO - Profiling field: PPPYMT_OP (Field Number: 29)
2026-06-30 19:01:54,894 - INFO - Profiling field: MEDREIMB_CAR (Field Number: 30)
2026-06-30 19:01:55,036 - INFO - Profiling field: BENRES_CAR (Field Number: 31)
2026-06-30 19:01:55,167 - INFO - Profiling field: PPPYMT_CAR (Field Number: 32)
2026-06-30 19:01:55,302 - INFO - Starting to process file: DE1_0_2010_Beneficiary_Summary_File_Sample_4.csv (File Number: 6)
2026-06-30 19:01:55,417 - INFO - Profiling field: DESYNPUF_ID (Field Number: 1)
2026-06-30 19:01:56,926 - INFO - Profiling field: BENE_BIRTH_DT (Field Number: 2)
2026-06-30 19:01:57,049 - INFO - Profiling field: BENE_DEATH_DT (Field Number: 3)
2026-06-30 19:01:57,055 - INFO - Profiling field: BENE_SEX_IDENT_CD (Field Number: 4)
2026-06-30 19:01:57,164 - INFO - Profiling field: BENE_RACE_CD (Field Number: 5)
2026-06-30 19:01:57,273 - INFO - Profiling field: BENE_ESRD_IND (Field Number: 6)
2026-06-30 19:01:57,383 - INFO - Profiling field: SP_STATE_CODE (Field Number: 7)
2026-06-30 19:01:57,494 - INFO - Profiling field: BENE_COUNTY_CD (Field Number: 8)
2026-06-30 19:01:57,608 - INFO - Profiling field: BENE_HI_CVRAGE_TOT_MONS (Field Number: 9)
2026-06-30 19:01:57,724 - INFO - Profiling field: BENE_SMI_CVRAGE_TOT_MONS (Field Number: 10)
2026-06-30 19:01:57,839 - INFO - Profiling field: BENE_HMO_CVRAGE_TOT_MONS (Field Number: 11)
2026-06-30 19:01:57,960 - INFO - Profiling field: PLAN_CVRG_MOS_NUM (Field Number: 12)
2026-06-30 19:01:58,072 - INFO - Profiling field: SP_ALZHDMTA (Field Number: 13)
2026-06-30 19:01:58,181 - INFO - Profiling field: SP_CHF (Field Number: 14)
2026-06-30 19:01:58,289 - INFO - Profiling field: SP_CHRNKIDN (Field Number: 15)
2026-06-30 19:01:58,399 - INFO - Profiling field: SP_CNCR (Field Number: 16)
2026-06-30 19:01:58,508 - INFO - Profiling field: SP_COPD (Field Number: 17)
2026-06-30 19:01:58,617 - INFO - Profiling field: SP_DEPRESSN (Field Number: 18)
2026-06-30 19:01:58,726 - INFO - Profiling field: SP_DIABETES (Field Number: 19)
2026-06-30 19:01:58,835 - INFO - Profiling field: SP_ISCHMCHT (Field Number: 20)
2026-06-30 19:01:58,944 - INFO - Profiling field: SP_OSTEOPRS (Field Number: 21)
2026-06-30 19:01:59,054 - INFO - Profiling field: SP_RA_OA (Field Number: 22)
2026-06-30 19:01:59,163 - INFO - Profiling field: SP_STRKETIA (Field Number: 23)
2026-06-30 19:01:59,272 - INFO - Profiling field: MEDREIMB_IP (Field Number: 24)
2026-06-30 19:01:59,413 - INFO - Profiling field: BENRES_IP (Field Number: 25)
2026-06-30 19:01:59,540 - INFO - Profiling field: PPPYMT_IP (Field Number: 26)
2026-06-30 19:01:59,667 - INFO - Profiling field: MEDREIMB_OP (Field Number: 27)
2026-06-30 19:01:59,805 - INFO - Profiling field: BENRES_OP (Field Number: 28)
2026-06-30 19:01:59,936 - INFO - Profiling field: PPPYMT_OP (Field Number: 29)
2026-06-30 19:02:00,063 - INFO - Profiling field: MEDREIMB_CAR (Field Number: 30)
2026-06-30 19:02:00,198 - INFO - Profiling field: BENRES_CAR (Field Number: 31)
2026-06-30 19:02:00,325 - INFO - Profiling field: PPPYMT_CAR (Field Number: 32)
2026-06-30 19:02:00,452 - INFO - Starting to process file: DE1_0_2008_Beneficiary_Summary_File_Sample_3.csv (File Number: 7)
2026-06-30 19:02:00,566 - INFO - Profiling field: DESYNPUF_ID (Field Number: 1)
2026-06-30 19:02:02,093 - INFO - Profiling field: BENE_BIRTH_DT (Field Number: 2)
2026-06-30 19:02:02,217 - INFO - Profiling field: BENE_DEATH_DT (Field Number: 3)
2026-06-30 19:02:02,223 - INFO - Profiling field: BENE_SEX_IDENT_CD (Field Number: 4)
2026-06-30 19:02:02,334 - INFO - Profiling field: BENE_RACE_CD (Field Number: 5)
2026-06-30 19:02:02,447 - INFO - Profiling field: BENE_ESRD_IND (Field Number: 6)
2026-06-30 19:02:02,560 - INFO - Profiling field: SP_STATE_CODE (Field Number: 7)
2026-06-30 19:02:02,676 - INFO - Profiling field: BENE_COUNTY_CD (Field Number: 8)
2026-06-30 19:02:02,795 - INFO - Profiling field: BENE_HI_CVRAGE_TOT_MONS (Field Number: 9)
2026-06-30 19:02:02,914 - INFO - Profiling field: BENE_SMI_CVRAGE_TOT_MONS (Field Number: 10)
2026-06-30 19:02:03,035 - INFO - Profiling field: BENE_HMO_CVRAGE_TOT_MONS (Field Number: 11)
2026-06-30 19:02:03,156 - INFO - Profiling field: PLAN_CVRG_MOS_NUM (Field Number: 12)
2026-06-30 19:02:03,271 - INFO - Profiling field: SP_ALZHDMTA (Field Number: 13)
2026-06-30 19:02:03,384 - INFO - Profiling field: SP_CHF (Field Number: 14)
2026-06-30 19:02:03,496 - INFO - Profiling field: SP_CHRNKIDN (Field Number: 15)
2026-06-30 19:02:03,607 - INFO - Profiling field: SP_CNCR (Field Number: 16)
2026-06-30 19:02:03,720 - INFO - Profiling field: SP_COPD (Field Number: 17)
2026-06-30 19:02:03,833 - INFO - Profiling field: SP_DEPRESSN (Field Number: 18)
2026-06-30 19:02:03,945 - INFO - Profiling field: SP_DIABETES (Field Number: 19)
2026-06-30 19:02:04,057 - INFO - Profiling field: SP_ISCHMCHT (Field Number: 20)
2026-06-30 19:02:04,170 - INFO - Profiling field: SP_OSTEOPRS (Field Number: 21)
2026-06-30 19:02:04,283 - INFO - Profiling field: SP_RA_OA (Field Number: 22)
2026-06-30 19:02:04,396 - INFO - Profiling field: SP_STRKETIA (Field Number: 23)
2026-06-30 19:02:04,510 - INFO - Profiling field: MEDREIMB_IP (Field Number: 24)
2026-06-30 19:02:04,663 - INFO - Profiling field: BENRES_IP (Field Number: 25)
2026-06-30 19:02:04,796 - INFO - Profiling field: PPPYMT_IP (Field Number: 26)
2026-06-30 19:02:04,927 - INFO - Profiling field: MEDREIMB_OP (Field Number: 27)
2026-06-30 19:02:05,071 - INFO - Profiling field: BENRES_OP (Field Number: 28)
2026-06-30 19:02:05,205 - INFO - Profiling field: PPPYMT_OP (Field Number: 29)
2026-06-30 19:02:05,333 - INFO - Profiling field: MEDREIMB_CAR (Field Number: 30)
2026-06-30 19:02:05,474 - INFO - Profiling field: BENRES_CAR (Field Number: 31)
2026-06-30 19:02:05,606 - INFO - Profiling field: PPPYMT_CAR (Field Number: 32)
2026-06-30 19:02:05,734 - INFO - Starting to process file: DE1_0_2010_Beneficiary_Summary_File_Sample_2.csv (File Number: 8)
2026-06-30 19:02:05,844 - INFO - Profiling field: DESYNPUF_ID (Field Number: 1)
2026-06-30 19:02:07,340 - INFO - Profiling field: BENE_BIRTH_DT (Field Number: 2)
2026-06-30 19:02:07,463 - INFO - Profiling field: BENE_DEATH_DT (Field Number: 3)
2026-06-30 19:02:07,469 - INFO - Profiling field: BENE_SEX_IDENT_CD (Field Number: 4)
2026-06-30 19:02:07,578 - INFO - Profiling field: BENE_RACE_CD (Field Number: 5)
2026-06-30 19:02:07,688 - INFO - Profiling field: BENE_ESRD_IND (Field Number: 6)
2026-06-30 19:02:07,797 - INFO - Profiling field: SP_STATE_CODE (Field Number: 7)
2026-06-30 19:02:07,910 - INFO - Profiling field: BENE_COUNTY_CD (Field Number: 8)
2026-06-30 19:02:08,024 - INFO - Profiling field: BENE_HI_CVRAGE_TOT_MONS (Field Number: 9)
2026-06-30 19:02:08,140 - INFO - Profiling field: BENE_SMI_CVRAGE_TOT_MONS (Field Number: 10)
2026-06-30 19:02:08,256 - INFO - Profiling field: BENE_HMO_CVRAGE_TOT_MONS (Field Number: 11)
2026-06-30 19:02:08,377 - INFO - Profiling field: PLAN_CVRG_MOS_NUM (Field Number: 12)
2026-06-30 19:02:08,490 - INFO - Profiling field: SP_ALZHDMTA (Field Number: 13)
2026-06-30 19:02:08,599 - INFO - Profiling field: SP_CHF (Field Number: 14)
2026-06-30 19:02:08,708 - INFO - Profiling field: SP_CHRNKIDN (Field Number: 15)
2026-06-30 19:02:08,817 - INFO - Profiling field: SP_CNCR (Field Number: 16)
2026-06-30 19:02:08,926 - INFO - Profiling field: SP_COPD (Field Number: 17)
2026-06-30 19:02:09,035 - INFO - Profiling field: SP_DEPRESSN (Field Number: 18)
2026-06-30 19:02:09,143 - INFO - Profiling field: SP_DIABETES (Field Number: 19)
2026-06-30 19:02:09,252 - INFO - Profiling field: SP_ISCHMCHT (Field Number: 20)
2026-06-30 19:02:09,359 - INFO - Profiling field: SP_OSTEOPRS (Field Number: 21)
2026-06-30 19:02:09,468 - INFO - Profiling field: SP_RA_OA (Field Number: 22)
2026-06-30 19:02:09,577 - INFO - Profiling field: SP_STRKETIA (Field Number: 23)
2026-06-30 19:02:09,686 - INFO - Profiling field: MEDREIMB_IP (Field Number: 24)
2026-06-30 19:02:09,824 - INFO - Profiling field: BENRES_IP (Field Number: 25)
2026-06-30 19:02:09,949 - INFO - Profiling field: PPPYMT_IP (Field Number: 26)
2026-06-30 19:02:10,073 - INFO - Profiling field: MEDREIMB_OP (Field Number: 27)
2026-06-30 19:02:10,210 - INFO - Profiling field: BENRES_OP (Field Number: 28)
2026-06-30 19:02:10,339 - INFO - Profiling field: PPPYMT_OP (Field Number: 29)
2026-06-30 19:02:10,463 - INFO - Profiling field: MEDREIMB_CAR (Field Number: 30)
2026-06-30 19:02:10,596 - INFO - Profiling field: BENRES_CAR (Field Number: 31)
2026-06-30 19:02:10,728 - INFO - Profiling field: PPPYMT_CAR (Field Number: 32)
2026-06-30 19:02:10,853 - INFO - Starting to process file: DE1_0_2009_Beneficiary_Summary_File_Sample_3.csv (File Number: 9)
2026-06-30 19:02:10,968 - INFO - Profiling field: DESYNPUF_ID (Field Number: 1)
2026-06-30 19:02:12,471 - INFO - Profiling field: BENE_BIRTH_DT (Field Number: 2)
2026-06-30 19:02:12,594 - INFO - Profiling field: BENE_DEATH_DT (Field Number: 3)
2026-06-30 19:02:12,600 - INFO - Profiling field: BENE_SEX_IDENT_CD (Field Number: 4)
2026-06-30 19:02:12,714 - INFO - Profiling field: BENE_RACE_CD (Field Number: 5)
2026-06-30 19:02:12,825 - INFO - Profiling field: BENE_ESRD_IND (Field Number: 6)
2026-06-30 19:02:12,936 - INFO - Profiling field: SP_STATE_CODE (Field Number: 7)
2026-06-30 19:02:13,050 - INFO - Profiling field: BENE_COUNTY_CD (Field Number: 8)
2026-06-30 19:02:13,166 - INFO - Profiling field: BENE_HI_CVRAGE_TOT_MONS (Field Number: 9)
2026-06-30 19:02:13,284 - INFO - Profiling field: BENE_SMI_CVRAGE_TOT_MONS (Field Number: 10)
2026-06-30 19:02:13,401 - INFO - Profiling field: BENE_HMO_CVRAGE_TOT_MONS (Field Number: 11)
2026-06-30 19:02:13,524 - INFO - Profiling field: PLAN_CVRG_MOS_NUM (Field Number: 12)
2026-06-30 19:02:13,638 - INFO - Profiling field: SP_ALZHDMTA (Field Number: 13)
2026-06-30 19:02:13,749 - INFO - Profiling field: SP_CHF (Field Number: 14)
2026-06-30 19:02:13,859 - INFO - Profiling field: SP_CHRNKIDN (Field Number: 15)
2026-06-30 19:02:13,970 - INFO - Profiling field: SP_CNCR (Field Number: 16)
2026-06-30 19:02:14,082 - INFO - Profiling field: SP_COPD (Field Number: 17)
2026-06-30 19:02:14,193 - INFO - Profiling field: SP_DEPRESSN (Field Number: 18)
2026-06-30 19:02:14,304 - INFO - Profiling field: SP_DIABETES (Field Number: 19)
2026-06-30 19:02:14,416 - INFO - Profiling field: SP_ISCHMCHT (Field Number: 20)
2026-06-30 19:02:14,527 - INFO - Profiling field: SP_OSTEOPRS (Field Number: 21)
2026-06-30 19:02:14,639 - INFO - Profiling field: SP_RA_OA (Field Number: 22)
2026-06-30 19:02:14,751 - INFO - Profiling field: SP_STRKETIA (Field Number: 23)
2026-06-30 19:02:14,862 - INFO - Profiling field: MEDREIMB_IP (Field Number: 24)
2026-06-30 19:02:15,013 - INFO - Profiling field: BENRES_IP (Field Number: 25)
2026-06-30 19:02:15,143 - INFO - Profiling field: PPPYMT_IP (Field Number: 26)
2026-06-30 19:02:15,272 - INFO - Profiling field: MEDREIMB_OP (Field Number: 27)
2026-06-30 19:02:15,416 - INFO - Profiling field: BENRES_OP (Field Number: 28)
2026-06-30 19:02:15,551 - INFO - Profiling field: PPPYMT_OP (Field Number: 29)
2026-06-30 19:02:15,681 - INFO - Profiling field: MEDREIMB_CAR (Field Number: 30)
2026-06-30 19:02:15,821 - INFO - Profiling field: BENRES_CAR (Field Number: 31)
2026-06-30 19:02:15,951 - INFO - Profiling field: PPPYMT_CAR (Field Number: 32)
2026-06-30 19:02:16,082 - INFO - Starting to process file: DE1_0_2008_to_2010_Inpatient_Claims_Sample_3.csv (File Number: 10)
2026-06-30 19:02:16,346 - INFO - Profiling field: DESYNPUF_ID (Field Number: 1)
2026-06-30 19:02:16,885 - INFO - Profiling field: CLM_ID (Field Number: 2)
2026-06-30 19:02:17,682 - INFO - Profiling field: SEGMENT (Field Number: 3)
2026-06-30 19:02:17,748 - INFO - Profiling field: CLM_FROM_DT (Field Number: 4)
2026-06-30 19:02:17,827 - INFO - Profiling field: CLM_THRU_DT (Field Number: 5)
2026-06-30 19:02:17,907 - INFO - Profiling field: PRVDR_NUM (Field Number: 6)
2026-06-30 19:02:18,011 - INFO - Profiling field: CLM_PMT_AMT (Field Number: 7)
2026-06-30 19:02:18,088 - INFO - Profiling field: NCH_PRMRY_PYR_CLM_PD_AMT (Field Number: 8)
2026-06-30 19:02:18,164 - INFO - Profiling field: AT_PHYSN_NPI (Field Number: 9)
2026-06-30 19:02:18,911 - INFO - Profiling field: OP_PHYSN_NPI (Field Number: 10)
2026-06-30 19:02:19,359 - INFO - Profiling field: OT_PHYSN_NPI (Field Number: 11)
2026-06-30 19:02:19,451 - INFO - Profiling field: CLM_ADMSN_DT (Field Number: 12)
2026-06-30 19:02:19,530 - INFO - Profiling field: ADMTNG_ICD9_DGNS_CD (Field Number: 13)
2026-06-30 19:02:19,613 - INFO - Profiling field: CLM_PASS_THRU_PER_DIEM_AMT (Field Number: 14)
2026-06-30 19:02:19,688 - INFO - Profiling field: NCH_BENE_IP_DDCTBL_AMT (Field Number: 15)
2026-06-30 19:02:19,760 - INFO - Profiling field: NCH_BENE_PTA_COINSRNC_LBLTY_AM (Field Number: 16)
2026-06-30 19:02:19,835 - INFO - Profiling field: NCH_BENE_BLOOD_DDCTBL_LBLTY_AM (Field Number: 17)
2026-06-30 19:02:19,909 - INFO - Profiling field: CLM_UTLZTN_DAY_CNT (Field Number: 18)
2026-06-30 19:02:19,978 - INFO - Profiling field: NCH_BENE_DSCHRG_DT (Field Number: 19)
2026-06-30 19:02:20,057 - INFO - Profiling field: CLM_DRG_CD (Field Number: 20)
2026-06-30 19:02:20,127 - INFO - Profiling field: ICD9_DGNS_CD_1 (Field Number: 21)
2026-06-30 19:02:20,214 - INFO - Profiling field: ICD9_DGNS_CD_2 (Field Number: 22)
2026-06-30 19:02:20,303 - INFO - Profiling field: ICD9_DGNS_CD_3 (Field Number: 23)
2026-06-30 19:02:20,392 - INFO - Profiling field: ICD9_DGNS_CD_4 (Field Number: 24)
2026-06-30 19:02:20,479 - INFO - Profiling field: ICD9_DGNS_CD_5 (Field Number: 25)
2026-06-30 19:02:20,564 - INFO - Profiling field: ICD9_DGNS_CD_6 (Field Number: 26)
2026-06-30 19:02:20,645 - INFO - Profiling field: ICD9_DGNS_CD_7 (Field Number: 27)
2026-06-30 19:02:20,722 - INFO - Profiling field: ICD9_DGNS_CD_8 (Field Number: 28)
2026-06-30 19:02:20,794 - INFO - Profiling field: ICD9_DGNS_CD_9 (Field Number: 29)
2026-06-30 19:02:20,861 - INFO - Profiling field: ICD9_DGNS_CD_10 (Field Number: 30)
2026-06-30 19:02:20,877 - INFO - Profiling field: ICD9_PRCDR_CD_1 (Field Number: 31)
2026-06-30 19:02:20,921 - INFO - Profiling field: ICD9_PRCDR_CD_2 (Field Number: 32)
2026-06-30 19:02:20,961 - INFO - Profiling field: ICD9_PRCDR_CD_3 (Field Number: 33)
2026-06-30 19:02:20,990 - INFO - Profiling field: ICD9_PRCDR_CD_4 (Field Number: 34)
2026-06-30 19:02:21,012 - INFO - Profiling field: ICD9_PRCDR_CD_5 (Field Number: 35)
2026-06-30 19:02:21,030 - INFO - Profiling field: ICD9_PRCDR_CD_6 (Field Number: 36)
2026-06-30 19:02:21,044 - INFO - Profiling field: HCPCS_CD_1 (Field Number: 37)
2026-06-30 19:02:21,046 - INFO - Profiling field: HCPCS_CD_2 (Field Number: 38)
2026-06-30 19:02:21,049 - INFO - Profiling field: HCPCS_CD_3 (Field Number: 39)
2026-06-30 19:02:21,052 - INFO - Profiling field: HCPCS_CD_4 (Field Number: 40)
2026-06-30 19:02:21,054 - INFO - Profiling field: HCPCS_CD_5 (Field Number: 41)
2026-06-30 19:02:21,057 - INFO - Profiling field: HCPCS_CD_6 (Field Number: 42)
2026-06-30 19:02:21,059 - INFO - Profiling field: HCPCS_CD_7 (Field Number: 43)
2026-06-30 19:02:21,062 - INFO - Profiling field: HCPCS_CD_8 (Field Number: 44)
2026-06-30 19:02:21,064 - INFO - Profiling field: HCPCS_CD_9 (Field Number: 45)
2026-06-30 19:02:21,067 - INFO - Profiling field: HCPCS_CD_10 (Field Number: 46)
2026-06-30 19:02:21,069 - INFO - Profiling field: HCPCS_CD_11 (Field Number: 47)
2026-06-30 19:02:21,072 - INFO - Profiling field: HCPCS_CD_12 (Field Number: 48)
2026-06-30 19:02:21,075 - INFO - Profiling field: HCPCS_CD_13 (Field Number: 49)
2026-06-30 19:02:21,077 - INFO - Profiling field: HCPCS_CD_14 (Field Number: 50)
2026-06-30 19:02:21,080 - INFO - Profiling field: HCPCS_CD_15 (Field Number: 51)
2026-06-30 19:02:21,082 - INFO - Profiling field: HCPCS_CD_16 (Field Number: 52)
2026-06-30 19:02:21,085 - INFO - Profiling field: HCPCS_CD_17 (Field Number: 53)
2026-06-30 19:02:21,087 - INFO - Profiling field: HCPCS_CD_18 (Field Number: 54)
2026-06-30 19:02:21,090 - INFO - Profiling field: HCPCS_CD_19 (Field Number: 55)
2026-06-30 19:02:21,093 - INFO - Profiling field: HCPCS_CD_20 (Field Number: 56)
2026-06-30 19:02:21,095 - INFO - Profiling field: HCPCS_CD_21 (Field Number: 57)
2026-06-30 19:02:21,098 - INFO - Profiling field: HCPCS_CD_22 (Field Number: 58)
2026-06-30 19:02:21,100 - INFO - Profiling field: HCPCS_CD_23 (Field Number: 59)
2026-06-30 19:02:21,103 - INFO - Profiling field: HCPCS_CD_24 (Field Number: 60)
2026-06-30 19:02:21,105 - INFO - Profiling field: HCPCS_CD_25 (Field Number: 61)
2026-06-30 19:02:21,108 - INFO - Profiling field: HCPCS_CD_26 (Field Number: 62)
2026-06-30 19:02:21,110 - INFO - Profiling field: HCPCS_CD_27 (Field Number: 63)
2026-06-30 19:02:21,113 - INFO - Profiling field: HCPCS_CD_28 (Field Number: 64)
2026-06-30 19:02:21,116 - INFO - Profiling field: HCPCS_CD_29 (Field Number: 65)
2026-06-30 19:02:21,118 - INFO - Profiling field: HCPCS_CD_30 (Field Number: 66)
2026-06-30 19:02:21,121 - INFO - Profiling field: HCPCS_CD_31 (Field Number: 67)
2026-06-30 19:02:21,123 - INFO - Profiling field: HCPCS_CD_32 (Field Number: 68)
2026-06-30 19:02:21,126 - INFO - Profiling field: HCPCS_CD_33 (Field Number: 69)
2026-06-30 19:02:21,128 - INFO - Profiling field: HCPCS_CD_34 (Field Number: 70)
2026-06-30 19:02:21,131 - INFO - Profiling field: HCPCS_CD_35 (Field Number: 71)
2026-06-30 19:02:21,133 - INFO - Profiling field: HCPCS_CD_36 (Field Number: 72)
2026-06-30 19:02:21,136 - INFO - Profiling field: HCPCS_CD_37 (Field Number: 73)
2026-06-30 19:02:21,138 - INFO - Profiling field: HCPCS_CD_38 (Field Number: 74)
2026-06-30 19:02:21,141 - INFO - Profiling field: HCPCS_CD_39 (Field Number: 75)
2026-06-30 19:02:21,143 - INFO - Profiling field: HCPCS_CD_40 (Field Number: 76)
2026-06-30 19:02:21,146 - INFO - Profiling field: HCPCS_CD_41 (Field Number: 77)
2026-06-30 19:02:21,148 - INFO - Profiling field: HCPCS_CD_42 (Field Number: 78)
2026-06-30 19:02:21,151 - INFO - Profiling field: HCPCS_CD_43 (Field Number: 79)
2026-06-30 19:02:21,153 - INFO - Profiling field: HCPCS_CD_44 (Field Number: 80)
2026-06-30 19:02:21,156 - INFO - Profiling field: HCPCS_CD_45 (Field Number: 81)
2026-06-30 19:02:21,158 - INFO - Starting to process file: DE1_0_2008_to_2010_Outpatient_Claims_Sample_4.csv (File Number: 11)
2026-06-30 19:02:24,279 - INFO - Profiling field: DESYNPUF_ID (Field Number: 1)
2026-06-30 19:02:26,210 - INFO - Profiling field: CLM_ID (Field Number: 2)
2026-06-30 19:02:36,286 - INFO - Profiling field: SEGMENT (Field Number: 3)
2026-06-30 19:02:37,027 - INFO - Profiling field: CLM_FROM_DT (Field Number: 4)
2026-06-30 19:02:37,933 - INFO - Profiling field: CLM_THRU_DT (Field Number: 5)
2026-06-30 19:02:38,837 - INFO - Profiling field: PRVDR_NUM (Field Number: 6)
2026-06-30 19:02:39,805 - INFO - Profiling field: CLM_PMT_AMT (Field Number: 7)
2026-06-30 19:02:40,676 - INFO - Profiling field: NCH_PRMRY_PYR_CLM_PD_AMT (Field Number: 8)
2026-06-30 19:02:41,528 - INFO - Profiling field: AT_PHYSN_NPI (Field Number: 9)
2026-06-30 19:02:50,196 - INFO - Profiling field: OP_PHYSN_NPI (Field Number: 10)
2026-06-30 19:02:51,729 - INFO - Profiling field: OT_PHYSN_NPI (Field Number: 11)
2026-06-30 19:02:54,655 - INFO - Profiling field: NCH_BENE_BLOOD_DDCTBL_LBLTY_AM (Field Number: 12)
2026-06-30 19:02:55,509 - INFO - Profiling field: ICD9_DGNS_CD_1 (Field Number: 13)
2026-06-30 19:03:00,778 - INFO - Profiling field: ICD9_DGNS_CD_2 (Field Number: 14)
2026-06-30 19:03:01,354 - INFO - Profiling field: ICD9_DGNS_CD_3 (Field Number: 15)
2026-06-30 19:03:01,741 - INFO - Profiling field: ICD9_DGNS_CD_4 (Field Number: 16)
2026-06-30 19:03:01,996 - INFO - Profiling field: ICD9_DGNS_CD_5 (Field Number: 17)
2026-06-30 19:03:02,162 - INFO - Profiling field: ICD9_DGNS_CD_6 (Field Number: 18)
2026-06-30 19:03:02,284 - INFO - Profiling field: ICD9_DGNS_CD_7 (Field Number: 19)
2026-06-30 19:03:02,376 - INFO - Profiling field: ICD9_DGNS_CD_8 (Field Number: 20)
2026-06-30 19:03:02,451 - INFO - Profiling field: ICD9_DGNS_CD_9 (Field Number: 21)
2026-06-30 19:03:02,511 - INFO - Profiling field: ICD9_DGNS_CD_10 (Field Number: 22)
2026-06-30 19:03:02,542 - INFO - Profiling field: ICD9_PRCDR_CD_1 (Field Number: 23)
2026-06-30 19:03:02,561 - INFO - Profiling field: ICD9_PRCDR_CD_2 (Field Number: 24)
2026-06-30 19:03:02,580 - INFO - Profiling field: ICD9_PRCDR_CD_3 (Field Number: 25)
2026-06-30 19:03:02,599 - INFO - Profiling field: ICD9_PRCDR_CD_4 (Field Number: 26)
2026-06-30 19:03:02,619 - INFO - Profiling field: ICD9_PRCDR_CD_5 (Field Number: 27)
2026-06-30 19:03:02,637 - INFO - Profiling field: ICD9_PRCDR_CD_6 (Field Number: 28)
2026-06-30 19:03:02,656 - INFO - Profiling field: NCH_BENE_PTB_DDCTBL_AMT (Field Number: 29)
2026-06-30 19:03:03,505 - INFO - Profiling field: NCH_BENE_PTB_COINSRNC_AMT (Field Number: 30)
2026-06-30 19:03:04,368 - INFO - Profiling field: ADMTNG_ICD9_DGNS_CD (Field Number: 31)
2026-06-30 19:03:04,624 - INFO - Profiling field: HCPCS_CD_1 (Field Number: 32)
2026-06-30 19:03:05,327 - INFO - Profiling field: HCPCS_CD_2 (Field Number: 33)
2026-06-30 19:03:05,852 - INFO - Profiling field: HCPCS_CD_3 (Field Number: 34)
2026-06-30 19:03:06,254 - INFO - Profiling field: HCPCS_CD_4 (Field Number: 35)
2026-06-30 19:03:06,593 - INFO - Profiling field: HCPCS_CD_5 (Field Number: 36)
2026-06-30 19:03:06,885 - INFO - Profiling field: HCPCS_CD_6 (Field Number: 37)
2026-06-30 19:03:07,135 - INFO - Profiling field: HCPCS_CD_7 (Field Number: 38)
2026-06-30 19:03:07,353 - INFO - Profiling field: HCPCS_CD_8 (Field Number: 39)
2026-06-30 19:03:07,546 - INFO - Profiling field: HCPCS_CD_9 (Field Number: 40)
2026-06-30 19:03:07,717 - INFO - Profiling field: HCPCS_CD_10 (Field Number: 41)
2026-06-30 19:03:07,874 - INFO - Profiling field: HCPCS_CD_11 (Field Number: 42)
2026-06-30 19:03:08,019 - INFO - Profiling field: HCPCS_CD_12 (Field Number: 43)
2026-06-30 19:03:08,150 - INFO - Profiling field: HCPCS_CD_13 (Field Number: 44)
2026-06-30 19:03:08,272 - INFO - Profiling field: HCPCS_CD_14 (Field Number: 45)
2026-06-30 19:03:08,386 - INFO - Profiling field: HCPCS_CD_15 (Field Number: 46)
2026-06-30 19:03:08,492 - INFO - Profiling field: HCPCS_CD_16 (Field Number: 47)
2026-06-30 19:03:08,592 - INFO - Profiling field: HCPCS_CD_17 (Field Number: 48)
2026-06-30 19:03:08,686 - INFO - Profiling field: HCPCS_CD_18 (Field Number: 49)
2026-06-30 19:03:08,775 - INFO - Profiling field: HCPCS_CD_19 (Field Number: 50)
2026-06-30 19:03:08,859 - INFO - Profiling field: HCPCS_CD_20 (Field Number: 51)
2026-06-30 19:03:08,939 - INFO - Profiling field: HCPCS_CD_21 (Field Number: 52)
2026-06-30 19:03:09,014 - INFO - Profiling field: HCPCS_CD_22 (Field Number: 53)
2026-06-30 19:03:09,086 - INFO - Profiling field: HCPCS_CD_23 (Field Number: 54)
2026-06-30 19:03:09,155 - INFO - Profiling field: HCPCS_CD_24 (Field Number: 55)
2026-06-30 19:03:09,221 - INFO - Profiling field: HCPCS_CD_25 (Field Number: 56)
2026-06-30 19:03:09,284 - INFO - Profiling field: HCPCS_CD_26 (Field Number: 57)
2026-06-30 19:03:09,346 - INFO - Profiling field: HCPCS_CD_27 (Field Number: 58)
2026-06-30 19:03:09,405 - INFO - Profiling field: HCPCS_CD_28 (Field Number: 59)
2026-06-30 19:03:09,463 - INFO - Profiling field: HCPCS_CD_29 (Field Number: 60)
2026-06-30 19:03:09,519 - INFO - Profiling field: HCPCS_CD_30 (Field Number: 61)
2026-06-30 19:03:09,574 - INFO - Profiling field: HCPCS_CD_31 (Field Number: 62)
2026-06-30 19:03:09,626 - INFO - Profiling field: HCPCS_CD_32 (Field Number: 63)
2026-06-30 19:03:09,677 - INFO - Profiling field: HCPCS_CD_33 (Field Number: 64)
2026-06-30 19:03:09,726 - INFO - Profiling field: HCPCS_CD_34 (Field Number: 65)
2026-06-30 19:03:09,774 - INFO - Profiling field: HCPCS_CD_35 (Field Number: 66)
2026-06-30 19:03:09,821 - INFO - Profiling field: HCPCS_CD_36 (Field Number: 67)
2026-06-30 19:03:09,866 - INFO - Profiling field: HCPCS_CD_37 (Field Number: 68)
2026-06-30 19:03:09,910 - INFO - Profiling field: HCPCS_CD_38 (Field Number: 69)
2026-06-30 19:03:09,953 - INFO - Profiling field: HCPCS_CD_39 (Field Number: 70)
2026-06-30 19:03:09,995 - INFO - Profiling field: HCPCS_CD_40 (Field Number: 71)
2026-06-30 19:03:10,036 - INFO - Profiling field: HCPCS_CD_41 (Field Number: 72)
2026-06-30 19:03:10,075 - INFO - Profiling field: HCPCS_CD_42 (Field Number: 73)
2026-06-30 19:03:10,114 - INFO - Profiling field: HCPCS_CD_43 (Field Number: 74)
2026-06-30 19:03:10,151 - INFO - Profiling field: HCPCS_CD_44 (Field Number: 75)
2026-06-30 19:03:10,188 - INFO - Profiling field: HCPCS_CD_45 (Field Number: 76)
2026-06-30 19:03:10,206 - INFO - Starting to process file: DE1_0_2008_to_2010_Outpatient_Claims_Sample_2.csv (File Number: 12)
2026-06-30 19:03:13,373 - INFO - Profiling field: DESYNPUF_ID (Field Number: 1)
2026-06-30 19:03:15,318 - INFO - Profiling field: CLM_ID (Field Number: 2)
2026-06-30 19:03:24,772 - INFO - Profiling field: SEGMENT (Field Number: 3)
2026-06-30 19:03:25,527 - INFO - Profiling field: CLM_FROM_DT (Field Number: 4)
2026-06-30 19:03:26,430 - INFO - Profiling field: CLM_THRU_DT (Field Number: 5)
2026-06-30 19:03:27,333 - INFO - Profiling field: PRVDR_NUM (Field Number: 6)
2026-06-30 19:03:28,293 - INFO - Profiling field: CLM_PMT_AMT (Field Number: 7)
2026-06-30 19:03:29,158 - INFO - Profiling field: NCH_PRMRY_PYR_CLM_PD_AMT (Field Number: 8)
2026-06-30 19:03:30,028 - INFO - Profiling field: AT_PHYSN_NPI (Field Number: 9)
2026-06-30 19:03:38,696 - INFO - Profiling field: OP_PHYSN_NPI (Field Number: 10)
2026-06-30 19:03:40,232 - INFO - Profiling field: OT_PHYSN_NPI (Field Number: 11)
2026-06-30 19:03:43,145 - INFO - Profiling field: NCH_BENE_BLOOD_DDCTBL_LBLTY_AM (Field Number: 12)
2026-06-30 19:03:43,988 - INFO - Profiling field: ICD9_DGNS_CD_1 (Field Number: 13)
2026-06-30 19:03:49,244 - INFO - Profiling field: ICD9_DGNS_CD_2 (Field Number: 14)
2026-06-30 19:03:49,824 - INFO - Profiling field: ICD9_DGNS_CD_3 (Field Number: 15)
2026-06-30 19:03:50,212 - INFO - Profiling field: ICD9_DGNS_CD_4 (Field Number: 16)
2026-06-30 19:03:50,468 - INFO - Profiling field: ICD9_DGNS_CD_5 (Field Number: 17)
2026-06-30 19:03:50,635 - INFO - Profiling field: ICD9_DGNS_CD_6 (Field Number: 18)
2026-06-30 19:03:50,756 - INFO - Profiling field: ICD9_DGNS_CD_7 (Field Number: 19)
2026-06-30 19:03:50,849 - INFO - Profiling field: ICD9_DGNS_CD_8 (Field Number: 20)
2026-06-30 19:03:50,923 - INFO - Profiling field: ICD9_DGNS_CD_9 (Field Number: 21)
2026-06-30 19:03:50,982 - INFO - Profiling field: ICD9_DGNS_CD_10 (Field Number: 22)
2026-06-30 19:03:51,013 - INFO - Profiling field: ICD9_PRCDR_CD_1 (Field Number: 23)
2026-06-30 19:03:51,032 - INFO - Profiling field: ICD9_PRCDR_CD_2 (Field Number: 24)
2026-06-30 19:03:51,051 - INFO - Profiling field: ICD9_PRCDR_CD_3 (Field Number: 25)
2026-06-30 19:03:51,071 - INFO - Profiling field: ICD9_PRCDR_CD_4 (Field Number: 26)
2026-06-30 19:03:51,090 - INFO - Profiling field: ICD9_PRCDR_CD_5 (Field Number: 27)
2026-06-30 19:03:51,109 - INFO - Profiling field: ICD9_PRCDR_CD_6 (Field Number: 28)
2026-06-30 19:03:51,128 - INFO - Profiling field: NCH_BENE_PTB_DDCTBL_AMT (Field Number: 29)
2026-06-30 19:03:51,983 - INFO - Profiling field: NCH_BENE_PTB_COINSRNC_AMT (Field Number: 30)
2026-06-30 19:03:52,851 - INFO - Profiling field: ADMTNG_ICD9_DGNS_CD (Field Number: 31)
2026-06-30 19:03:53,107 - INFO - Profiling field: HCPCS_CD_1 (Field Number: 32)
2026-06-30 19:03:53,808 - INFO - Profiling field: HCPCS_CD_2 (Field Number: 33)
2026-06-30 19:03:54,337 - INFO - Profiling field: HCPCS_CD_3 (Field Number: 34)
2026-06-30 19:03:54,741 - INFO - Profiling field: HCPCS_CD_4 (Field Number: 35)
2026-06-30 19:03:55,084 - INFO - Profiling field: HCPCS_CD_5 (Field Number: 36)
2026-06-30 19:03:55,375 - INFO - Profiling field: HCPCS_CD_6 (Field Number: 37)
2026-06-30 19:03:55,627 - INFO - Profiling field: HCPCS_CD_7 (Field Number: 38)
2026-06-30 19:03:55,845 - INFO - Profiling field: HCPCS_CD_8 (Field Number: 39)
2026-06-30 19:03:56,039 - INFO - Profiling field: HCPCS_CD_9 (Field Number: 40)
2026-06-30 19:03:56,213 - INFO - Profiling field: HCPCS_CD_10 (Field Number: 41)
2026-06-30 19:03:56,370 - INFO - Profiling field: HCPCS_CD_11 (Field Number: 42)
2026-06-30 19:03:56,513 - INFO - Profiling field: HCPCS_CD_12 (Field Number: 43)
2026-06-30 19:03:56,645 - INFO - Profiling field: HCPCS_CD_13 (Field Number: 44)
2026-06-30 19:03:56,768 - INFO - Profiling field: HCPCS_CD_14 (Field Number: 45)
2026-06-30 19:03:56,882 - INFO - Profiling field: HCPCS_CD_15 (Field Number: 46)
2026-06-30 19:03:56,989 - INFO - Profiling field: HCPCS_CD_16 (Field Number: 47)
2026-06-30 19:03:57,088 - INFO - Profiling field: HCPCS_CD_17 (Field Number: 48)
2026-06-30 19:03:57,182 - INFO - Profiling field: HCPCS_CD_18 (Field Number: 49)
2026-06-30 19:03:57,271 - INFO - Profiling field: HCPCS_CD_19 (Field Number: 50)
2026-06-30 19:03:57,354 - INFO - Profiling field: HCPCS_CD_20 (Field Number: 51)
2026-06-30 19:03:57,434 - INFO - Profiling field: HCPCS_CD_21 (Field Number: 52)
2026-06-30 19:03:57,510 - INFO - Profiling field: HCPCS_CD_22 (Field Number: 53)
2026-06-30 19:03:57,581 - INFO - Profiling field: HCPCS_CD_23 (Field Number: 54)
2026-06-30 19:03:57,650 - INFO - Profiling field: HCPCS_CD_24 (Field Number: 55)
2026-06-30 19:03:57,716 - INFO - Profiling field: HCPCS_CD_25 (Field Number: 56)
2026-06-30 19:03:57,779 - INFO - Profiling field: HCPCS_CD_26 (Field Number: 57)
2026-06-30 19:03:57,841 - INFO - Profiling field: HCPCS_CD_27 (Field Number: 58)
2026-06-30 19:03:57,901 - INFO - Profiling field: HCPCS_CD_28 (Field Number: 59)
2026-06-30 19:03:57,958 - INFO - Profiling field: HCPCS_CD_29 (Field Number: 60)
2026-06-30 19:03:58,014 - INFO - Profiling field: HCPCS_CD_30 (Field Number: 61)
2026-06-30 19:03:58,068 - INFO - Profiling field: HCPCS_CD_31 (Field Number: 62)
2026-06-30 19:03:58,120 - INFO - Profiling field: HCPCS_CD_32 (Field Number: 63)
2026-06-30 19:03:58,171 - INFO - Profiling field: HCPCS_CD_33 (Field Number: 64)
2026-06-30 19:03:58,219 - INFO - Profiling field: HCPCS_CD_34 (Field Number: 65)
2026-06-30 19:03:58,267 - INFO - Profiling field: HCPCS_CD_35 (Field Number: 66)
2026-06-30 19:03:58,313 - INFO - Profiling field: HCPCS_CD_36 (Field Number: 67)
2026-06-30 19:03:58,358 - INFO - Profiling field: HCPCS_CD_37 (Field Number: 68)
2026-06-30 19:03:58,403 - INFO - Profiling field: HCPCS_CD_38 (Field Number: 69)
2026-06-30 19:03:58,446 - INFO - Profiling field: HCPCS_CD_39 (Field Number: 70)
2026-06-30 19:03:58,487 - INFO - Profiling field: HCPCS_CD_40 (Field Number: 71)
2026-06-30 19:03:58,528 - INFO - Profiling field: HCPCS_CD_41 (Field Number: 72)
2026-06-30 19:03:58,568 - INFO - Profiling field: HCPCS_CD_42 (Field Number: 73)
2026-06-30 19:03:58,606 - INFO - Profiling field: HCPCS_CD_43 (Field Number: 74)
2026-06-30 19:03:58,648 - INFO - Profiling field: HCPCS_CD_44 (Field Number: 75)
2026-06-30 19:03:58,685 - INFO - Profiling field: HCPCS_CD_45 (Field Number: 76)
2026-06-30 19:03:58,703 - INFO - Starting to process file: DE1_0_2008_to_2010_Inpatient_Claims_Sample_2.csv (File Number: 13)
2026-06-30 19:03:59,066 - INFO - Profiling field: DESYNPUF_ID (Field Number: 1)
2026-06-30 19:03:59,634 - INFO - Profiling field: CLM_ID (Field Number: 2)
2026-06-30 19:04:00,493 - INFO - Profiling field: SEGMENT (Field Number: 3)
2026-06-30 19:04:00,558 - INFO - Profiling field: CLM_FROM_DT (Field Number: 4)
2026-06-30 19:04:00,636 - INFO - Profiling field: CLM_THRU_DT (Field Number: 5)
2026-06-30 19:04:00,714 - INFO - Profiling field: PRVDR_NUM (Field Number: 6)
2026-06-30 19:04:00,817 - INFO - Profiling field: CLM_PMT_AMT (Field Number: 7)
2026-06-30 19:04:00,893 - INFO - Profiling field: NCH_PRMRY_PYR_CLM_PD_AMT (Field Number: 8)
2026-06-30 19:04:00,968 - INFO - Profiling field: AT_PHYSN_NPI (Field Number: 9)
2026-06-30 19:04:01,715 - INFO - Profiling field: OP_PHYSN_NPI (Field Number: 10)
2026-06-30 19:04:02,154 - INFO - Profiling field: OT_PHYSN_NPI (Field Number: 11)
2026-06-30 19:04:02,246 - INFO - Profiling field: CLM_ADMSN_DT (Field Number: 12)
2026-06-30 19:04:02,324 - INFO - Profiling field: ADMTNG_ICD9_DGNS_CD (Field Number: 13)
2026-06-30 19:04:02,408 - INFO - Profiling field: CLM_PASS_THRU_PER_DIEM_AMT (Field Number: 14)
2026-06-30 19:04:02,483 - INFO - Profiling field: NCH_BENE_IP_DDCTBL_AMT (Field Number: 15)
2026-06-30 19:04:02,555 - INFO - Profiling field: NCH_BENE_PTA_COINSRNC_LBLTY_AM (Field Number: 16)
2026-06-30 19:04:02,628 - INFO - Profiling field: NCH_BENE_BLOOD_DDCTBL_LBLTY_AM (Field Number: 17)
2026-06-30 19:04:02,702 - INFO - Profiling field: CLM_UTLZTN_DAY_CNT (Field Number: 18)
2026-06-30 19:04:02,771 - INFO - Profiling field: NCH_BENE_DSCHRG_DT (Field Number: 19)
2026-06-30 19:04:02,850 - INFO - Profiling field: CLM_DRG_CD (Field Number: 20)
2026-06-30 19:04:02,919 - INFO - Profiling field: ICD9_DGNS_CD_1 (Field Number: 21)
2026-06-30 19:04:03,005 - INFO - Profiling field: ICD9_DGNS_CD_2 (Field Number: 22)
2026-06-30 19:04:03,094 - INFO - Profiling field: ICD9_DGNS_CD_3 (Field Number: 23)
2026-06-30 19:04:03,183 - INFO - Profiling field: ICD9_DGNS_CD_4 (Field Number: 24)
2026-06-30 19:04:03,270 - INFO - Profiling field: ICD9_DGNS_CD_5 (Field Number: 25)
2026-06-30 19:04:03,355 - INFO - Profiling field: ICD9_DGNS_CD_6 (Field Number: 26)
2026-06-30 19:04:03,435 - INFO - Profiling field: ICD9_DGNS_CD_7 (Field Number: 27)
2026-06-30 19:04:03,511 - INFO - Profiling field: ICD9_DGNS_CD_8 (Field Number: 28)
2026-06-30 19:04:03,583 - INFO - Profiling field: ICD9_DGNS_CD_9 (Field Number: 29)
2026-06-30 19:04:03,650 - INFO - Profiling field: ICD9_DGNS_CD_10 (Field Number: 30)
2026-06-30 19:04:03,666 - INFO - Profiling field: ICD9_PRCDR_CD_1 (Field Number: 31)
2026-06-30 19:04:03,710 - INFO - Profiling field: ICD9_PRCDR_CD_2 (Field Number: 32)
2026-06-30 19:04:03,750 - INFO - Profiling field: ICD9_PRCDR_CD_3 (Field Number: 33)
2026-06-30 19:04:03,779 - INFO - Profiling field: ICD9_PRCDR_CD_4 (Field Number: 34)
2026-06-30 19:04:03,801 - INFO - Profiling field: ICD9_PRCDR_CD_5 (Field Number: 35)
2026-06-30 19:04:03,818 - INFO - Profiling field: ICD9_PRCDR_CD_6 (Field Number: 36)
2026-06-30 19:04:03,831 - INFO - Profiling field: HCPCS_CD_1 (Field Number: 37)
2026-06-30 19:04:03,834 - INFO - Profiling field: HCPCS_CD_2 (Field Number: 38)
2026-06-30 19:04:03,837 - INFO - Profiling field: HCPCS_CD_3 (Field Number: 39)
2026-06-30 19:04:03,839 - INFO - Profiling field: HCPCS_CD_4 (Field Number: 40)
2026-06-30 19:04:03,842 - INFO - Profiling field: HCPCS_CD_5 (Field Number: 41)
2026-06-30 19:04:03,844 - INFO - Profiling field: HCPCS_CD_6 (Field Number: 42)
2026-06-30 19:04:03,847 - INFO - Profiling field: HCPCS_CD_7 (Field Number: 43)
2026-06-30 19:04:03,849 - INFO - Profiling field: HCPCS_CD_8 (Field Number: 44)
2026-06-30 19:04:03,852 - INFO - Profiling field: HCPCS_CD_9 (Field Number: 45)
2026-06-30 19:04:03,854 - INFO - Profiling field: HCPCS_CD_10 (Field Number: 46)
2026-06-30 19:04:03,857 - INFO - Profiling field: HCPCS_CD_11 (Field Number: 47)
2026-06-30 19:04:03,859 - INFO - Profiling field: HCPCS_CD_12 (Field Number: 48)
2026-06-30 19:04:03,862 - INFO - Profiling field: HCPCS_CD_13 (Field Number: 49)
2026-06-30 19:04:03,865 - INFO - Profiling field: HCPCS_CD_14 (Field Number: 50)
2026-06-30 19:04:03,867 - INFO - Profiling field: HCPCS_CD_15 (Field Number: 51)
2026-06-30 19:04:03,870 - INFO - Profiling field: HCPCS_CD_16 (Field Number: 52)
2026-06-30 19:04:03,872 - INFO - Profiling field: HCPCS_CD_17 (Field Number: 53)
2026-06-30 19:04:03,875 - INFO - Profiling field: HCPCS_CD_18 (Field Number: 54)
2026-06-30 19:04:03,877 - INFO - Profiling field: HCPCS_CD_19 (Field Number: 55)
2026-06-30 19:04:03,880 - INFO - Profiling field: HCPCS_CD_20 (Field Number: 56)
2026-06-30 19:04:03,882 - INFO - Profiling field: HCPCS_CD_21 (Field Number: 57)
2026-06-30 19:04:03,885 - INFO - Profiling field: HCPCS_CD_22 (Field Number: 58)
2026-06-30 19:04:03,888 - INFO - Profiling field: HCPCS_CD_23 (Field Number: 59)
2026-06-30 19:04:03,890 - INFO - Profiling field: HCPCS_CD_24 (Field Number: 60)
2026-06-30 19:04:03,893 - INFO - Profiling field: HCPCS_CD_25 (Field Number: 61)
2026-06-30 19:04:03,895 - INFO - Profiling field: HCPCS_CD_26 (Field Number: 62)
2026-06-30 19:04:03,898 - INFO - Profiling field: HCPCS_CD_27 (Field Number: 63)
2026-06-30 19:04:03,900 - INFO - Profiling field: HCPCS_CD_28 (Field Number: 64)
2026-06-30 19:04:03,903 - INFO - Profiling field: HCPCS_CD_29 (Field Number: 65)
2026-06-30 19:04:03,906 - INFO - Profiling field: HCPCS_CD_30 (Field Number: 66)
2026-06-30 19:04:03,908 - INFO - Profiling field: HCPCS_CD_31 (Field Number: 67)
2026-06-30 19:04:03,911 - INFO - Profiling field: HCPCS_CD_32 (Field Number: 68)
2026-06-30 19:04:03,913 - INFO - Profiling field: HCPCS_CD_33 (Field Number: 69)
2026-06-30 19:04:03,916 - INFO - Profiling field: HCPCS_CD_34 (Field Number: 70)
2026-06-30 19:04:03,918 - INFO - Profiling field: HCPCS_CD_35 (Field Number: 71)
2026-06-30 19:04:03,921 - INFO - Profiling field: HCPCS_CD_36 (Field Number: 72)
2026-06-30 19:04:03,923 - INFO - Profiling field: HCPCS_CD_37 (Field Number: 73)
2026-06-30 19:04:03,926 - INFO - Profiling field: HCPCS_CD_38 (Field Number: 74)
2026-06-30 19:04:03,928 - INFO - Profiling field: HCPCS_CD_39 (Field Number: 75)
2026-06-30 19:04:03,931 - INFO - Profiling field: HCPCS_CD_40 (Field Number: 76)
2026-06-30 19:04:03,933 - INFO - Profiling field: HCPCS_CD_41 (Field Number: 77)
2026-06-30 19:04:03,936 - INFO - Profiling field: HCPCS_CD_42 (Field Number: 78)
2026-06-30 19:04:03,939 - INFO - Profiling field: HCPCS_CD_43 (Field Number: 79)
2026-06-30 19:04:03,941 - INFO - Profiling field: HCPCS_CD_44 (Field Number: 80)
2026-06-30 19:04:03,944 - INFO - Profiling field: HCPCS_CD_45 (Field Number: 81)
2026-06-30 19:04:03,946 - INFO - Starting to process file: DE1_0_2008_to_2010_Inpatient_Claims_Sample_4.csv (File Number: 14)
2026-06-30 19:04:04,215 - INFO - Profiling field: DESYNPUF_ID (Field Number: 1)
2026-06-30 19:04:04,751 - INFO - Profiling field: CLM_ID (Field Number: 2)
2026-06-30 19:04:05,552 - INFO - Profiling field: SEGMENT (Field Number: 3)
2026-06-30 19:04:05,617 - INFO - Profiling field: CLM_FROM_DT (Field Number: 4)
2026-06-30 19:04:05,696 - INFO - Profiling field: CLM_THRU_DT (Field Number: 5)
2026-06-30 19:04:05,774 - INFO - Profiling field: PRVDR_NUM (Field Number: 6)
2026-06-30 19:04:05,878 - INFO - Profiling field: CLM_PMT_AMT (Field Number: 7)
2026-06-30 19:04:05,954 - INFO - Profiling field: NCH_PRMRY_PYR_CLM_PD_AMT (Field Number: 8)
2026-06-30 19:04:06,028 - INFO - Profiling field: AT_PHYSN_NPI (Field Number: 9)
2026-06-30 19:04:06,765 - INFO - Profiling field: OP_PHYSN_NPI (Field Number: 10)
2026-06-30 19:04:07,205 - INFO - Profiling field: OT_PHYSN_NPI (Field Number: 11)
2026-06-30 19:04:07,294 - INFO - Profiling field: CLM_ADMSN_DT (Field Number: 12)
2026-06-30 19:04:07,372 - INFO - Profiling field: ADMTNG_ICD9_DGNS_CD (Field Number: 13)
2026-06-30 19:04:07,456 - INFO - Profiling field: CLM_PASS_THRU_PER_DIEM_AMT (Field Number: 14)
2026-06-30 19:04:07,530 - INFO - Profiling field: NCH_BENE_IP_DDCTBL_AMT (Field Number: 15)
2026-06-30 19:04:07,602 - INFO - Profiling field: NCH_BENE_PTA_COINSRNC_LBLTY_AM (Field Number: 16)
2026-06-30 19:04:07,676 - INFO - Profiling field: NCH_BENE_BLOOD_DDCTBL_LBLTY_AM (Field Number: 17)
2026-06-30 19:04:07,749 - INFO - Profiling field: CLM_UTLZTN_DAY_CNT (Field Number: 18)
2026-06-30 19:04:07,818 - INFO - Profiling field: NCH_BENE_DSCHRG_DT (Field Number: 19)
2026-06-30 19:04:07,896 - INFO - Profiling field: CLM_DRG_CD (Field Number: 20)
2026-06-30 19:04:07,965 - INFO - Profiling field: ICD9_DGNS_CD_1 (Field Number: 21)
2026-06-30 19:04:08,051 - INFO - Profiling field: ICD9_DGNS_CD_2 (Field Number: 22)
2026-06-30 19:04:08,140 - INFO - Profiling field: ICD9_DGNS_CD_3 (Field Number: 23)
2026-06-30 19:04:08,227 - INFO - Profiling field: ICD9_DGNS_CD_4 (Field Number: 24)
2026-06-30 19:04:08,314 - INFO - Profiling field: ICD9_DGNS_CD_5 (Field Number: 25)
2026-06-30 19:04:08,398 - INFO - Profiling field: ICD9_DGNS_CD_6 (Field Number: 26)
2026-06-30 19:04:08,479 - INFO - Profiling field: ICD9_DGNS_CD_7 (Field Number: 27)
2026-06-30 19:04:08,555 - INFO - Profiling field: ICD9_DGNS_CD_8 (Field Number: 28)
2026-06-30 19:04:08,628 - INFO - Profiling field: ICD9_DGNS_CD_9 (Field Number: 29)
2026-06-30 19:04:08,695 - INFO - Profiling field: ICD9_DGNS_CD_10 (Field Number: 30)
2026-06-30 19:04:08,711 - INFO - Profiling field: ICD9_PRCDR_CD_1 (Field Number: 31)
2026-06-30 19:04:08,755 - INFO - Profiling field: ICD9_PRCDR_CD_2 (Field Number: 32)
2026-06-30 19:04:08,795 - INFO - Profiling field: ICD9_PRCDR_CD_3 (Field Number: 33)
2026-06-30 19:04:08,824 - INFO - Profiling field: ICD9_PRCDR_CD_4 (Field Number: 34)
2026-06-30 19:04:08,846 - INFO - Profiling field: ICD9_PRCDR_CD_5 (Field Number: 35)
2026-06-30 19:04:08,863 - INFO - Profiling field: ICD9_PRCDR_CD_6 (Field Number: 36)
2026-06-30 19:04:08,878 - INFO - Profiling field: HCPCS_CD_1 (Field Number: 37)
2026-06-30 19:04:08,880 - INFO - Profiling field: HCPCS_CD_2 (Field Number: 38)
2026-06-30 19:04:08,883 - INFO - Profiling field: HCPCS_CD_3 (Field Number: 39)
2026-06-30 19:04:08,885 - INFO - Profiling field: HCPCS_CD_4 (Field Number: 40)
2026-06-30 19:04:08,888 - INFO - Profiling field: HCPCS_CD_5 (Field Number: 41)
2026-06-30 19:04:08,890 - INFO - Profiling field: HCPCS_CD_6 (Field Number: 42)
2026-06-30 19:04:08,893 - INFO - Profiling field: HCPCS_CD_7 (Field Number: 43)
2026-06-30 19:04:08,895 - INFO - Profiling field: HCPCS_CD_8 (Field Number: 44)
2026-06-30 19:04:08,898 - INFO - Profiling field: HCPCS_CD_9 (Field Number: 45)
2026-06-30 19:04:08,900 - INFO - Profiling field: HCPCS_CD_10 (Field Number: 46)
2026-06-30 19:04:08,903 - INFO - Profiling field: HCPCS_CD_11 (Field Number: 47)
2026-06-30 19:04:08,905 - INFO - Profiling field: HCPCS_CD_12 (Field Number: 48)
2026-06-30 19:04:08,908 - INFO - Profiling field: HCPCS_CD_13 (Field Number: 49)
2026-06-30 19:04:08,910 - INFO - Profiling field: HCPCS_CD_14 (Field Number: 50)
2026-06-30 19:04:08,913 - INFO - Profiling field: HCPCS_CD_15 (Field Number: 51)
2026-06-30 19:04:08,915 - INFO - Profiling field: HCPCS_CD_16 (Field Number: 52)
2026-06-30 19:04:08,918 - INFO - Profiling field: HCPCS_CD_17 (Field Number: 53)
2026-06-30 19:04:08,920 - INFO - Profiling field: HCPCS_CD_18 (Field Number: 54)
2026-06-30 19:04:08,923 - INFO - Profiling field: HCPCS_CD_19 (Field Number: 55)
2026-06-30 19:04:08,925 - INFO - Profiling field: HCPCS_CD_20 (Field Number: 56)
2026-06-30 19:04:08,928 - INFO - Profiling field: HCPCS_CD_21 (Field Number: 57)
2026-06-30 19:04:08,930 - INFO - Profiling field: HCPCS_CD_22 (Field Number: 58)
2026-06-30 19:04:08,933 - INFO - Profiling field: HCPCS_CD_23 (Field Number: 59)
2026-06-30 19:04:08,935 - INFO - Profiling field: HCPCS_CD_24 (Field Number: 60)
2026-06-30 19:04:08,938 - INFO - Profiling field: HCPCS_CD_25 (Field Number: 61)
2026-06-30 19:04:08,940 - INFO - Profiling field: HCPCS_CD_26 (Field Number: 62)
2026-06-30 19:04:08,943 - INFO - Profiling field: HCPCS_CD_27 (Field Number: 63)
2026-06-30 19:04:08,945 - INFO - Profiling field: HCPCS_CD_28 (Field Number: 64)
2026-06-30 19:04:08,948 - INFO - Profiling field: HCPCS_CD_29 (Field Number: 65)
2026-06-30 19:04:08,951 - INFO - Profiling field: HCPCS_CD_30 (Field Number: 66)
2026-06-30 19:04:08,953 - INFO - Profiling field: HCPCS_CD_31 (Field Number: 67)
2026-06-30 19:04:08,955 - INFO - Profiling field: HCPCS_CD_32 (Field Number: 68)
2026-06-30 19:04:08,958 - INFO - Profiling field: HCPCS_CD_33 (Field Number: 69)
2026-06-30 19:04:08,960 - INFO - Profiling field: HCPCS_CD_34 (Field Number: 70)
2026-06-30 19:04:08,963 - INFO - Profiling field: HCPCS_CD_35 (Field Number: 71)
2026-06-30 19:04:08,965 - INFO - Profiling field: HCPCS_CD_36 (Field Number: 72)
2026-06-30 19:04:08,968 - INFO - Profiling field: HCPCS_CD_37 (Field Number: 73)
2026-06-30 19:04:08,970 - INFO - Profiling field: HCPCS_CD_38 (Field Number: 74)
2026-06-30 19:04:08,973 - INFO - Profiling field: HCPCS_CD_39 (Field Number: 75)
2026-06-30 19:04:08,975 - INFO - Profiling field: HCPCS_CD_40 (Field Number: 76)
2026-06-30 19:04:08,978 - INFO - Profiling field: HCPCS_CD_41 (Field Number: 77)
2026-06-30 19:04:08,980 - INFO - Profiling field: HCPCS_CD_42 (Field Number: 78)
2026-06-30 19:04:08,983 - INFO - Profiling field: HCPCS_CD_43 (Field Number: 79)
2026-06-30 19:04:08,985 - INFO - Profiling field: HCPCS_CD_44 (Field Number: 80)
2026-06-30 19:04:08,988 - INFO - Profiling field: HCPCS_CD_45 (Field Number: 81)
2026-06-30 19:04:08,990 - INFO - Starting to process file: DE1_0_2010_Beneficiary_Summary_File_Sample_3.csv (File Number: 15)
2026-06-30 19:04:09,110 - INFO - Profiling field: DESYNPUF_ID (Field Number: 1)
2026-06-30 19:04:10,597 - INFO - Profiling field: BENE_BIRTH_DT (Field Number: 2)
2026-06-30 19:04:10,719 - INFO - Profiling field: BENE_DEATH_DT (Field Number: 3)
2026-06-30 19:04:10,725 - INFO - Profiling field: BENE_SEX_IDENT_CD (Field Number: 4)
2026-06-30 19:04:10,834 - INFO - Profiling field: BENE_RACE_CD (Field Number: 5)
2026-06-30 19:04:10,943 - INFO - Profiling field: BENE_ESRD_IND (Field Number: 6)
2026-06-30 19:04:11,052 - INFO - Profiling field: SP_STATE_CODE (Field Number: 7)
2026-06-30 19:04:11,164 - INFO - Profiling field: BENE_COUNTY_CD (Field Number: 8)
2026-06-30 19:04:11,278 - INFO - Profiling field: BENE_HI_CVRAGE_TOT_MONS (Field Number: 9)
2026-06-30 19:04:11,392 - INFO - Profiling field: BENE_SMI_CVRAGE_TOT_MONS (Field Number: 10)
2026-06-30 19:04:11,506 - INFO - Profiling field: BENE_HMO_CVRAGE_TOT_MONS (Field Number: 11)
2026-06-30 19:04:11,628 - INFO - Profiling field: PLAN_CVRG_MOS_NUM (Field Number: 12)
2026-06-30 19:04:11,740 - INFO - Profiling field: SP_ALZHDMTA (Field Number: 13)
2026-06-30 19:04:11,848 - INFO - Profiling field: SP_CHF (Field Number: 14)
2026-06-30 19:04:11,957 - INFO - Profiling field: SP_CHRNKIDN (Field Number: 15)
2026-06-30 19:04:12,066 - INFO - Profiling field: SP_CNCR (Field Number: 16)
2026-06-30 19:04:12,175 - INFO - Profiling field: SP_COPD (Field Number: 17)
2026-06-30 19:04:12,283 - INFO - Profiling field: SP_DEPRESSN (Field Number: 18)
2026-06-30 19:04:12,393 - INFO - Profiling field: SP_DIABETES (Field Number: 19)
2026-06-30 19:04:12,502 - INFO - Profiling field: SP_ISCHMCHT (Field Number: 20)
2026-06-30 19:04:12,611 - INFO - Profiling field: SP_OSTEOPRS (Field Number: 21)
2026-06-30 19:04:12,721 - INFO - Profiling field: SP_RA_OA (Field Number: 22)
2026-06-30 19:04:12,830 - INFO - Profiling field: SP_STRKETIA (Field Number: 23)
2026-06-30 19:04:12,941 - INFO - Profiling field: MEDREIMB_IP (Field Number: 24)
2026-06-30 19:04:13,080 - INFO - Profiling field: BENRES_IP (Field Number: 25)
2026-06-30 19:04:13,204 - INFO - Profiling field: PPPYMT_IP (Field Number: 26)
2026-06-30 19:04:13,327 - INFO - Profiling field: MEDREIMB_OP (Field Number: 27)
2026-06-30 19:04:13,463 - INFO - Profiling field: BENRES_OP (Field Number: 28)
2026-06-30 19:04:13,594 - INFO - Profiling field: PPPYMT_OP (Field Number: 29)
2026-06-30 19:04:13,718 - INFO - Profiling field: MEDREIMB_CAR (Field Number: 30)
2026-06-30 19:04:13,851 - INFO - Profiling field: BENRES_CAR (Field Number: 31)
2026-06-30 19:04:13,977 - INFO - Profiling field: PPPYMT_CAR (Field Number: 32)
2026-06-30 19:04:14,102 - INFO - Finished profiling all files. Output file generated.
2026-06-30 19:04:14,103 - INFO - Connecting to database and preparing to load results.
2026-06-30 19:04:14,128 - INFO - Database table 'raw_cms_profile' dropped (if existed) and recreated in postgres.
2026-06-30 19:04:14,197 - INFO - All data successfully loaded into postgres.
2026-06-30 19:04:14,198 - INFO - Data profiling script completed successfully.
