2026-07-01 16:50:39 - INFO - Starting CMS DE-SynPUF data pull process.
2026-07-01 16:50:39 - INFO - Parameter accepted. Preparing to download samples: [2, 3, 4]
2026-07-01 16:50:39 - INFO - Cleaning existing files from data_raw_src...
2026-07-01 16:50:39 - INFO - Connecting to CMS site to download Sample 2: Beneficiary_2008...
2026-07-01 16:50:40 - INFO - Successfully downloaded Beneficiary_2008_Sample_2.zip.
2026-07-01 16:50:40 - INFO - Unzipping Beneficiary_2008_Sample_2.zip...
2026-07-01 16:50:40 - INFO - Successfully extracted Beneficiary_2008_Sample_2.zip.
2026-07-01 16:50:40 - INFO - Cleaned up leftover archive: Beneficiary_2008_Sample_2.zip
2026-07-01 16:50:40 - INFO - Connecting to CMS site to download Sample 2: Beneficiary_2009...
2026-07-01 16:50:40 - INFO - Successfully downloaded Beneficiary_2009_Sample_2.zip.
2026-07-01 16:50:40 - INFO - Unzipping Beneficiary_2009_Sample_2.zip...
2026-07-01 16:50:40 - INFO - Successfully extracted Beneficiary_2009_Sample_2.zip.
2026-07-01 16:50:40 - INFO - Cleaned up leftover archive: Beneficiary_2009_Sample_2.zip
2026-07-01 16:50:40 - INFO - Connecting to CMS site to download Sample 2: Beneficiary_2010...
2026-07-01 16:50:41 - INFO - Successfully downloaded Beneficiary_2010_Sample_2.zip.
2026-07-01 16:50:41 - INFO - Unzipping Beneficiary_2010_Sample_2.zip...
2026-07-01 16:50:41 - INFO - Successfully extracted Beneficiary_2010_Sample_2.zip.
2026-07-01 16:50:41 - INFO - Cleaned up leftover archive: Beneficiary_2010_Sample_2.zip
2026-07-01 16:50:41 - INFO - Connecting to CMS site to download Sample 2: Inpatient_Claims...
2026-07-01 16:50:41 - INFO - Successfully downloaded Inpatient_Claims_Sample_2.zip.
2026-07-01 16:50:41 - INFO - Unzipping Inpatient_Claims_Sample_2.zip...
2026-07-01 16:50:41 - INFO - Successfully extracted Inpatient_Claims_Sample_2.zip.
2026-07-01 16:50:41 - INFO - Cleaned up leftover archive: Inpatient_Claims_Sample_2.zip
2026-07-01 16:50:41 - INFO - Connecting to CMS site to download Sample 2: Outpatient_Claims...
2026-07-01 16:50:42 - INFO - Successfully downloaded Outpatient_Claims_Sample_2.zip.
2026-07-01 16:50:42 - INFO - Unzipping Outpatient_Claims_Sample_2.zip...
2026-07-01 16:50:42 - INFO - Successfully extracted Outpatient_Claims_Sample_2.zip.
2026-07-01 16:50:42 - INFO - Cleaned up leftover archive: Outpatient_Claims_Sample_2.zip
2026-07-01 16:50:42 - INFO - Connecting to CMS site to download Sample 3: Beneficiary_2008...
2026-07-01 16:50:43 - INFO - Successfully downloaded Beneficiary_2008_Sample_3.zip.
2026-07-01 16:50:43 - INFO - Unzipping Beneficiary_2008_Sample_3.zip...
2026-07-01 16:50:43 - INFO - Successfully extracted Beneficiary_2008_Sample_3.zip.
2026-07-01 16:50:43 - INFO - Cleaned up leftover archive: Beneficiary_2008_Sample_3.zip
2026-07-01 16:50:43 - INFO - Connecting to CMS site to download Sample 3: Beneficiary_2009...
2026-07-01 16:50:43 - INFO - Successfully downloaded Beneficiary_2009_Sample_3.zip.
2026-07-01 16:50:43 - INFO - Unzipping Beneficiary_2009_Sample_3.zip...
2026-07-01 16:50:43 - INFO - Successfully extracted Beneficiary_2009_Sample_3.zip.
2026-07-01 16:50:43 - INFO - Cleaned up leftover archive: Beneficiary_2009_Sample_3.zip
2026-07-01 16:50:43 - INFO - Connecting to CMS site to download Sample 3: Beneficiary_2010...
2026-07-01 16:50:43 - INFO - Successfully downloaded Beneficiary_2010_Sample_3.zip.
2026-07-01 16:50:43 - INFO - Unzipping Beneficiary_2010_Sample_3.zip...
2026-07-01 16:50:43 - INFO - Successfully extracted Beneficiary_2010_Sample_3.zip.
2026-07-01 16:50:43 - INFO - Cleaned up leftover archive: Beneficiary_2010_Sample_3.zip
2026-07-01 16:50:43 - INFO - Connecting to CMS site to download Sample 3: Inpatient_Claims...
2026-07-01 16:50:44 - INFO - Successfully downloaded Inpatient_Claims_Sample_3.zip.
2026-07-01 16:50:44 - INFO - Unzipping Inpatient_Claims_Sample_3.zip...
2026-07-01 16:50:44 - INFO - Successfully extracted Inpatient_Claims_Sample_3.zip.
2026-07-01 16:50:44 - INFO - Cleaned up leftover archive: Inpatient_Claims_Sample_3.zip
2026-07-01 16:50:44 - INFO - Connecting to CMS site to download Sample 3: Outpatient_Claims...
2026-07-01 16:50:45 - INFO - Successfully downloaded Outpatient_Claims_Sample_3.zip.
2026-07-01 16:50:45 - INFO - Unzipping Outpatient_Claims_Sample_3.zip...
2026-07-01 16:50:45 - INFO - Successfully extracted Outpatient_Claims_Sample_3.zip.
2026-07-01 16:50:45 - INFO - Cleaned up leftover archive: Outpatient_Claims_Sample_3.zip
2026-07-01 16:50:45 - INFO - Connecting to CMS site to download Sample 4: Beneficiary_2008...
2026-07-01 16:50:46 - INFO - Successfully downloaded Beneficiary_2008_Sample_4.zip.
2026-07-01 16:50:46 - INFO - Unzipping Beneficiary_2008_Sample_4.zip...
2026-07-01 16:50:46 - INFO - Successfully extracted Beneficiary_2008_Sample_4.zip.
2026-07-01 16:50:46 - INFO - Cleaned up leftover archive: Beneficiary_2008_Sample_4.zip
2026-07-01 16:50:46 - INFO - Connecting to CMS site to download Sample 4: Beneficiary_2009...
2026-07-01 16:50:46 - INFO - Successfully downloaded Beneficiary_2009_Sample_4.zip.
2026-07-01 16:50:46 - INFO - Unzipping Beneficiary_2009_Sample_4.zip...
2026-07-01 16:50:46 - INFO - Successfully extracted Beneficiary_2009_Sample_4.zip.
2026-07-01 16:50:46 - INFO - Cleaned up leftover archive: Beneficiary_2009_Sample_4.zip
2026-07-01 16:50:46 - INFO - Connecting to CMS site to download Sample 4: Beneficiary_2010...
2026-07-01 16:50:46 - INFO - Successfully downloaded Beneficiary_2010_Sample_4.zip.
2026-07-01 16:50:46 - INFO - Unzipping Beneficiary_2010_Sample_4.zip...
2026-07-01 16:50:46 - INFO - Successfully extracted Beneficiary_2010_Sample_4.zip.
2026-07-01 16:50:46 - INFO - Cleaned up leftover archive: Beneficiary_2010_Sample_4.zip
2026-07-01 16:50:46 - INFO - Connecting to CMS site to download Sample 4: Inpatient_Claims...
2026-07-01 16:50:47 - INFO - Successfully downloaded Inpatient_Claims_Sample_4.zip.
2026-07-01 16:50:47 - INFO - Unzipping Inpatient_Claims_Sample_4.zip...
2026-07-01 16:50:47 - INFO - Successfully extracted Inpatient_Claims_Sample_4.zip.
2026-07-01 16:50:47 - INFO - Cleaned up leftover archive: Inpatient_Claims_Sample_4.zip
2026-07-01 16:50:47 - INFO - Connecting to CMS site to download Sample 4: Outpatient_Claims...
2026-07-01 16:50:48 - INFO - Successfully downloaded Outpatient_Claims_Sample_4.zip.
2026-07-01 16:50:48 - INFO - Unzipping Outpatient_Claims_Sample_4.zip...
2026-07-01 16:50:48 - INFO - Successfully extracted Outpatient_Claims_Sample_4.zip.
2026-07-01 16:50:48 - INFO - Cleaned up leftover archive: Outpatient_Claims_Sample_4.zip
2026-07-01 16:50:48 - INFO - Process complete. All requested CMS DE-SynPUF data has been downloaded and extracted.
